<?xml version="1.0" encoding="UTF-8"?>
<!-- Generated by org.testng.reporters.JUnitReportReporter -->
<testsuite skipped="0" hostname="admin-PC" name="VariousAnnotationsConcept.InvocationCountClass" tests="2" failures="0" timestamp="14 Oct 2020 00:56:53 GMT" time="0.015" errors="0">
  <testcase name="Invocationcountmethod" time="0.012" classname="VariousAnnotationsConcept.InvocationCountClass"/>
  <testcase name="Invocationcountmethod" time="0.003" classname="VariousAnnotationsConcept.InvocationCountClass"/>
</testsuite> <!-- VariousAnnotationsConcept.InvocationCountClass -->
