<?xml version="1.0" encoding="UTF-8"?>
<!-- Generated by org.testng.reporters.JUnitReportReporter -->
<testsuite skipped="1" hostname="admin-PC" name="VariousAnnotationsConcept.SkippingAnnotation" tests="1" failures="0" timestamp="29 Sep 2020 06:26:05 GMT" time="0.002" errors="0">
  <testcase name="SkipTest" time="0.002" classname="VariousAnnotationsConcept.SkippingAnnotation">
    <skipped/>
  </testcase> <!-- SkipTest -->
</testsuite> <!-- VariousAnnotationsConcept.SkippingAnnotation -->
